TN:
SF:src/App.tsx
FN:6,App
FNF:1
FNH:1
FNDA:4,App
DA:1,1
DA:2,1
DA:3,1
DA:4,1
DA:6,4
DA:7,4
DA:9,4
DA:10,4
DA:12,2
DA:13,2
DA:14,2
DA:15,2
DA:16,2
DA:17,2
DA:19,2
DA:21,1
LF:16
LH:16
BRDA:6,0,0,4
BRDA:9,1,0,1
BRDA:9,2,0,3
BRDA:10,3,0,1
BRDA:10,4,0,2
BRF:5
BRH:5
end_of_record
TN:
SF:src/api/client.ts
FN:3,getJson
FNF:1
FNH:1
FNDA:2,getJson
DA:1,1
DA:3,2
DA:4,2
DA:5,2
DA:6,2
DA:7,2
LF:6
LH:6
BRDA:3,0,0,2
BRDA:5,1,0,0
BRF:2
BRH:1
end_of_record
TN:
SF:src/api/endpoints.ts
FN:5,listPokemons
FNF:1
FNH:1
FNDA:1,listPokemons
DA:1,1
DA:2,1
DA:3,1
DA:5,1
DA:6,1
DA:7,1
DA:8,2
DA:9,2
DA:10,1
DA:11,1
LF:10
LH:10
BRDA:5,0,0,1
BRDA:7,1,0,2
BRF:2
BRH:2
end_of_record
TN:
SF:src/api/pokeApi.ts
FN:6,idFromUrl
FN:11,artworkUrl
FN:15,fetchJson
FN:29,getPokemons
FNF:4
FNH:4
FNDA:2,idFromUrl
FNDA:2,artworkUrl
FNDA:2,fetchJson
FNDA:2,getPokemons
DA:1,1
DA:6,2
DA:7,2
DA:8,2
DA:9,2
DA:11,1
DA:12,2
DA:13,2
DA:15,2
DA:16,2
DA:17,2
DA:18,1
DA:19,1
DA:20,1
DA:21,1
DA:29,2
DA:30,2
DA:31,2
DA:32,1
DA:33,2
DA:34,2
DA:35,1
DA:36,1
LF:23
LH:23
BRDA:6,0,0,2
BRDA:11,1,0,2
BRDA:15,2,0,2
BRDA:17,3,0,1
BRDA:29,4,0,2
BRDA:31,5,0,1
BRDA:32,6,0,2
BRF:7
BRH:7
end_of_record
TN:
SF:src/api/types.ts
FNF:0
FNH:0
LF:0
LH:0
BRF:0
BRH:0
end_of_record
TN:
SF:src/api/utils.ts
FN:1,idFromResourceUrl
FN:6,officialArtworkUrl
FNF:2
FNH:2
FNDA:2,idFromResourceUrl
FNDA:2,officialArtworkUrl
DA:1,1
DA:2,2
DA:3,2
DA:4,2
DA:6,1
DA:7,2
DA:8,2
LF:7
LH:7
BRDA:1,0,0,2
BRDA:6,1,0,2
BRF:2
BRH:2
end_of_record
TN:
SF:src/components/FavoritesBar.tsx
FN:1,FavoritesBar
FNF:1
FNH:1
FNDA:2,FavoritesBar
DA:1,2
DA:2,2
DA:3,2
DA:4,2
DA:5,2
DA:7,2
LF:6
LH:6
BRDA:1,0,0,2
BRF:1
BRH:1
end_of_record
TN:
SF:src/components/PokemonCard.tsx
FN:7,PokemonCard
FNF:1
FNH:1
FNDA:4,PokemonCard
DA:7,4
DA:8,4
DA:9,4
DA:10,4
DA:11,4
DA:12,4
DA:13,4
DA:15,4
LF:8
LH:8
BRDA:7,0,0,4
BRF:1
BRH:1
end_of_record
TN:
SF:src/components/PokemonGrid.tsx
FN:8,PokemonGrid
FNF:1
FNH:1
FNDA:2,PokemonGrid
DA:2,1
DA:8,2
DA:9,2
DA:10,2
DA:11,2
DA:12,2
DA:13,3
DA:14,2
DA:15,2
DA:17,2
LF:10
LH:10
BRDA:8,0,0,2
BRDA:12,1,0,3
BRF:2
BRH:2
end_of_record
TN:
SF:src/hooks/usePokemons.ts
FN:5,usePokemons
FNF:1
FNH:1
FNDA:3,usePokemons
DA:1,1
DA:3,1
DA:5,1
DA:6,3
DA:7,3
DA:8,3
DA:10,3
DA:11,1
DA:12,1
DA:13,1
DA:14,1
DA:15,1
DA:16,1
DA:17,1
DA:18,3
DA:20,3
DA:21,3
LF:17
LH:17
BRDA:5,0,0,3
BRDA:10,1,0,1
BRDA:14,2,0,1
BRDA:16,3,0,1
BRDA:17,4,0,1
BRF:5
BRH:5
end_of_record
TN:
SF:src/store/favorites.ts
FN:18,useFavoritesStore.name
FN:20,toggleFavorite
FN:29,isFavorite
FN:30,favoritesList
FNF:4
FNH:4
FNDA:1,useFavoritesStore.name
FNDA:2,toggleFavorite
FNDA:2,isFavorite
FNDA:2,favoritesList
DA:1,1
DA:2,1
DA:17,1
DA:18,1
DA:19,1
DA:20,1
DA:21,2
DA:22,2
DA:23,1
DA:24,1
DA:25,1
DA:26,1
DA:27,2
DA:28,2
DA:29,1
DA:30,1
DA:31,1
DA:32,1
DA:33,1
DA:34,1
LF:20
LH:20
BRDA:18,0,0,1
BRDA:20,1,0,2
BRDA:20,2,0,2
BRDA:22,3,0,1
BRDA:29,4,0,2
BRDA:30,5,0,2
BRF:6
BRH:6
end_of_record
